⚠ Warning: Next.js inferred your workspace root, but it may not be correct.
 We detected multiple lockfiles and selected the directory of C:\Users\nht_anh.BRYCENVN\package-lock.json as the root directory.
 To silence this warning, set `turbopack.root` in your Next.js config, or consider removing one of the lockfiles if it's not needed.
   See https://nextjs.org/docs/app/api-reference/config/next-config-js/turbopack#root-directory for more information.
 Detected additional lockfiles: 
   * C:\Users\nht_anh.BRYCENVN\Documents\geography\package-lock.json

API /map/features Lỗi GET: MongooseError: Cannot call `geofeatures.countDocuments()` before initial connection is complete if `bufferCommands = false`. Make sure you `await mongoose.connect()` if you have `bufferCommands = false`.
    at async GET (src\app\api\map\features\route.ts:24:21)
  22 |     // Nếu gọi báo cáo trạng thái seed
  23 |     if (category === 'status') {
> 24 |       const count = await GeoFeature.countDocuments();
     |                     ^
  25 |       return NextResponse.json({ seeded: count > 0, count });
  26 |     }
  27 |
API /map/features Lỗi GET: MongooseError: Cannot call `geofeatures.countDocuments()` before initial connection is complete if `bufferCommands = false`. Make sure you `await mongoose.connect()` if you have `bufferCommands = false`.
    at async GET (src\app\api\map\features\route.ts:24:21)
  22 |     // Nếu gọi báo cáo trạng thái seed
  23 |     if (category === 'status') {
> 24 |       const count = await GeoFeature.countDocuments();
     |                     ^
  25 |       return NextResponse.json({ seeded: count > 0, count });
  26 |     }
  27 |
API /map/features Lỗi POST (Seed): ValidationError: GeoFeature validation failed: lat: Cast to Number failed for value "[ 179.99989708894586, -0.052864678552282 ]" (type Array) at path "lat", lng: Cast to Number failed for value "[ 179.99989708894586, 50.98683645283667 ]" (type Array) at path "lng"
    at Document.invalidate (C:\Users\nht_anh.BRYCENVN\Documents\geography\node_modules\mongoose\lib\document.js:3444:32)
    at model.$set (C:\Users\nht_anh.BRYCENVN\Documents\geography\node_modules\mongoose\lib\document.js:1530:12)
    at model.$set (C:\Users\nht_anh.BRYCENVN\Documents\geography\node_modules\mongoose\lib\document.js:1170:16)
    at model.Document (C:\Users\nht_anh.BRYCENVN\Documents\geography\node_modules\mongoose\lib\document.js:181:12)
    at model.Model (C:\Users\nht_anh.BRYCENVN\Documents\geography\node_modules\mongoose\lib\model.js:137:12)
    at new model (C:\Users\nht_anh.BRYCENVN\Documents\geography\node_modules\mongoose\lib\model.js:4864:15)
    at validateDoc (C:\Users\nht_anh.BRYCENVN\Documents\geography\node_modules\mongoose\lib\model.js:3059:13)
    at parallelLimit (C:\Users\nht_anh.BRYCENVN\Documents\geography\node_modules\mongoose\lib\helpers\parallelLimit.js:23:15)
    at Function.insertMany (C:\Users\nht_anh.BRYCENVN\Documents\geography\node_modules\mongoose\lib\model.js:3080:22)
    at process.processTicksAndRejections (node:internal/process/task_queues:105:5)
    at async POST (C:\Users\nht_anh.BRYCENVN\Documents\geography\.next\dev\server\chunks\[root-of-the-server]__0zxun8w._.js:326:13)
    at async AppRouteRouteModule.do (C:\Users\nht_anh.BRYCENVN\Documents\geography\node_modules\next\dist\compiled\next-server\app-route-turbo.runtime.dev.js:5:40115)
    at async AppRouteRouteModule.handle (C:\Users\nht_anh.BRYCENVN\Documents\geography\node_modules\next\dist\compiled\next-server\app-route-turbo.runtime.dev.js:5:47321)
    at async responseGenerator (C:\Users\nht_anh.BRYCENVN\Documents\geography\.next\dev\server\chunks\[root-of-the-server]__0aeb9cl._.js:16466:38)
    at async AppRouteRouteModule.handleResponse (C:\Users\nht_anh.BRYCENVN\Documents\geography\node_modules\next\dist\compiled\next-server\app-route-turbo.runtime.dev.js:1:227216)
    at async handleResponse (C:\Users\nht_anh.BRYCENVN\Documents\geography\.next\dev\server\chunks\[root-of-the-server]__0aeb9cl._.js:16529:32)
    at async Module.handler (C:\Users\nht_anh.BRYCENVN\Documents\geography\.next\dev\server\chunks\[root-of-the-server]__0aeb9cl._.js:16583:13)
    at async DevServer.renderToResponseWithComponentsImpl (C:\Users\nht_anh.BRYCENVN\Documents\geography\node_modules\next\dist\server\base-server.js:1454:9)
    at async DevServer.renderPageComponent (C:\Users\nht_anh.BRYCENVN\Documents\geography\node_modules\next\dist\server\base-server.js:1506:24)
    at async DevServer.renderToResponseImpl (C:\Users\nht_anh.BRYCENVN\Documents\geography\node_modules\next\dist\server\base-server.js:1556:32)
    at async DevServer.pipeImpl (C:\Users\nht_anh.BRYCENVN\Documents\geography\node_modules\next\dist\server\base-server.js:1043:25)
    at async NextNodeServer.handleCatchallRenderRequest (C:\Users\nht_anh.BRYCENVN\Documents\geography\node_modules\next\dist\server\next-server.js:338:17)
    at async DevServer.handleRequestImpl (C:\Users\nht_anh.BRYCENVN\Documents\geography\node_modules\next\dist\server\base-server.js:934:17)
    at async C:\Users\nht_anh.BRYCENVN\Documents\geography\node_modules\next\dist\server\dev\next-dev-server.js:394:20
    at async Span.traceAsyncFn (C:\Users\nht_anh.BRYCENVN\Documents\geography\node_modules\next\dist\trace\trace.js:164:20)
    at async DevServer.handleRequest (C:\Users\nht_anh.BRYCENVN\Documents\geography\node_modules\next\dist\server\dev\next-dev-server.js:390:24)
    at async invokeRender (C:\Users\nht_anh.BRYCENVN\Documents\geography\node_modules\next\dist\server\lib\router-server.js:266:21)
    at async handleRequest (C:\Users\nht_anh.BRYCENVN\Documents\geography\node_modules\next\dist\server\lib\router-server.js:465:24)
    at async requestHandlerImpl (C:\Users\nht_anh.BRYCENVN\Documents\geography\node_modules\next\dist\server\lib\router-server.js:514:13)
    at async Server.requestListener (C:\Users\nht_anh.BRYCENVN\Documents\geography\node_modules\next\dist\server\lib\start-server.js:225:13) {
  errors: {
    lat: CastError: Cast to Number failed for value "[ 179.99989708894586, -0.052864678552282 ]" (type Array) at path "lat"
        at async POST (src\app\api\map\features\route.ts:205:7)
      203 |     // Nếu không có lỗi trong quá trình chuẩn hóa, ghi vào Database
      204 |     if (docsToInsert.length > 0) {
    > 205 |       await GeoFeature.insertMany(docsToInsert);
          |       ^
      206 |       totalInserted = docsToInsert.length;
      207 |     } else {
      208 |       errors.push('Không tìm thấy dữ liệu hợp lệ trong nguồn phát.'); {
      stringValue: '"[ 179.99989708894586, -0.052864678552282 ]"',
      messageFormat: undefined,
      kind: 'Number',
      value: [Array],
      path: 'lat',
      reason: Error: Cast to Number failed: value is not a valid number
          at async POST (src\app\api\map\features\route.ts:205:7)
        203 |     // Nếu không có lỗi trong quá trình chuẩn hóa, ghi vào Database
        204 |     if (docsToInsert.length > 0) {
      > 205 |       await GeoFeature.insertMany(docsToInsert);
            |       ^
        206 |       totalInserted = docsToInsert.length;
        207 |     } else {
        208 |       errors.push('Không tìm thấy dữ liệu hợp lệ trong nguồn phát.');,
      valueType: 'Array'
    },
    lng: CastError: Cast to Number failed for value "[ 179.99989708894586, 50.98683645283667 ]" (type Array) at path "lng"
        at async POST (src\app\api\map\features\route.ts:205:7)
      203 |     // Nếu không có lỗi trong quá trình chuẩn hóa, ghi vào Database
      204 |     if (docsToInsert.length > 0) {
    > 205 |       await GeoFeature.insertMany(docsToInsert);
          |       ^
      206 |       totalInserted = docsToInsert.length;
      207 |     } else {
      208 |       errors.push('Không tìm thấy dữ liệu hợp lệ trong nguồn phát.'); {
      stringValue: '"[ 179.99989708894586, 50.98683645283667 ]"',
      messageFormat: undefined,
      kind: 'Number',
      value: [Array],
      path: 'lng',
      reason: Error: Cast to Number failed: value is not a valid number
          at async POST (src\app\api\map\features\route.ts:205:7)
        203 |     // Nếu không có lỗi trong quá trình chuẩn hóa, ghi vào Database
        204 |     if (docsToInsert.length > 0) {
      > 205 |       await GeoFeature.insertMany(docsToInsert);
            |       ^
        206 |       totalInserted = docsToInsert.length;
        207 |     } else {
        208 |       errors.push('Không tìm thấy dữ liệu hợp lệ trong nguồn phát.');,
      valueType: 'Array'
    }
  },
  _message: 'GeoFeature validation failed'
}
