⚠ Warning: Next.js inferred your workspace root, but it may not be correct.
 We detected multiple lockfiles and selected the directory of C:\Users\nht_anh.BRYCENVN\package-lock.json as the root directory.
 To silence this warning, set `turbopack.root` in your Next.js config, or consider removing one of the lockfiles if it's not needed.
   See https://nextjs.org/docs/app/api-reference/config/next-config-js/turbopack#root-directory for more information.
 Detected additional lockfiles: 
   * C:\Users\nht_anh.BRYCENVN\Documents\geography\package-lock.json

API /map/features Lỗi GET: MongooseError: Cannot call `geofeatures.countDocuments()` before initial connection is complete if `bufferCommands = false`. Make sure you `await mongoose.connect()` if you have `bufferCommands = false`.
    at async GET (src\app\api\map\features\route.ts:24:21)
  22 |     // Nếu gọi báo cáo trạng thái seed
  23 |     if (category === 'status') {
> 24 |       const count = await GeoFeature.countDocuments();
     |                     ^
  25 |       return NextResponse.json({ seeded: count > 0, count });
  26 |     }
  27 |
API /map/features Lỗi GET: MongooseError: Cannot call `geofeatures.countDocuments()` before initial connection is complete if `bufferCommands = false`. Make sure you `await mongoose.connect()` if you have `bufferCommands = false`.
    at async GET (src\app\api\map\features\route.ts:24:21)
  22 |     // Nếu gọi báo cáo trạng thái seed
  23 |     if (category === 'status') {
> 24 |       const count = await GeoFeature.countDocuments();
     |                     ^
  25 |       return NextResponse.json({ seeded: count > 0, count });
  26 |     }
  27 |
API /map/features Lỗi POST (Seed): MongoBulkWriteError: E11000 duplicate key error collection: test.geofeatures index: id_1 dup key: { id: "cl-tropical-amazon" }
    at async POST (src\app\api\map\features\route.ts:157:7)
  155 |     // Nếu không có lỗi trong quá trình chuẩn hóa, ghi vào Database
  156 |     if (docsToInsert.length > 0) {
> 157 |       await GeoFeature.insertMany(docsToInsert);
      |       ^
  158 |       totalInserted = docsToInsert.length;
  159 |     } else {
  160 |       errors.push('Không tìm thấy dữ liệu hợp lệ trong nguồn phát.'); {
  errorLabelSet: Set(0) {},
  errorResponse: {
    message: 'E11000 duplicate key error collection: test.geofeatures index: id_1 dup key: { id: "cl-tropical-amazon" }',
    code: 11000,
    writeErrors: [ [Object] ]
  },
  code: 11000,
  writeErrors: [ { err: [Object], index: 276 } ],
  result: BulkWriteResult {
    insertedCount: 276,
    matchedCount: 0,
    modifiedCount: 0,
    deletedCount: 0,
    upsertedCount: 0,
    upsertedIds: {},
    insertedIds: {
      '0': new ObjectId('69e059108ac03574bcafbbc3'),
      '1': new ObjectId('69e059108ac03574bcafbbc4'),
      '2': new ObjectId('69e059108ac03574bcafbbc5'),
      '3': new ObjectId('69e059108ac03574bcafbbc6'),
      '4': new ObjectId('69e059108ac03574bcafbbc7'),
      '5': new ObjectId('69e059108ac03574bcafbbc8'),
      '6': new ObjectId('69e059108ac03574bcafbbc9'),
      '7': new ObjectId('69e059108ac03574bcafbbca'),
      '8': new ObjectId('69e059108ac03574bcafbbcb'),
      '9': new ObjectId('69e059108ac03574bcafbbcc'),
      '10': new ObjectId('69e059108ac03574bcafbbcd'),
      '11': new ObjectId('69e059108ac03574bcafbbce'),
      '12': new ObjectId('69e059108ac03574bcafbbcf'),
      '13': new ObjectId('69e059108ac03574bcafbbd0'),
      '14': new ObjectId('69e059108ac03574bcafbbd1'),
      '15': new ObjectId('69e059108ac03574bcafbbd2'),
      '16': new ObjectId('69e059108ac03574bcafbbd3'),
      '17': new ObjectId('69e059108ac03574bcafbbd4'),
      '18': new ObjectId('69e059108ac03574bcafbbd5'),
      '19': new ObjectId('69e059108ac03574bcafbbd6'),
      '20': new ObjectId('69e059108ac03574bcafbbd7'),
      '21': new ObjectId('69e059108ac03574bcafbbd8'),
      '22': new ObjectId('69e059108ac03574bcafbbd9'),
      '23': new ObjectId('69e059108ac03574bcafbbda'),
      '24': new ObjectId('69e059108ac03574bcafbbdb'),
      '25': new ObjectId('69e059108ac03574bcafbbdc'),
      '26': new ObjectId('69e059108ac03574bcafbbdd'),
      '27': new ObjectId('69e059108ac03574bcafbbde'),
      '28': new ObjectId('69e059108ac03574bcafbbdf'),
      '29': new ObjectId('69e059108ac03574bcafbbe0'),
      '30': new ObjectId('69e059108ac03574bcafbbe1'),
      '31': new ObjectId('69e059108ac03574bcafbbe2'),
      '32': new ObjectId('69e059108ac03574bcafbbe3'),
      '33': new ObjectId('69e059108ac03574bcafbbe4'),
      '34': new ObjectId('69e059108ac03574bcafbbe5'),
      '35': new ObjectId('69e059108ac03574bcafbbe6'),
      '36': new ObjectId('69e059108ac03574bcafbbe7'),
      '37': new ObjectId('69e059108ac03574bcafbbe8'),
      '38': new ObjectId('69e059108ac03574bcafbbe9'),
      '39': new ObjectId('69e059108ac03574bcafbbea'),
      '40': new ObjectId('69e059108ac03574bcafbbeb'),
      '41': new ObjectId('69e059108ac03574bcafbbec'),
      '42': new ObjectId('69e059108ac03574bcafbbed'),
      '43': new ObjectId('69e059108ac03574bcafbbee'),
      '44': new ObjectId('69e059108ac03574bcafbbef'),
      '45': new ObjectId('69e059108ac03574bcafbbf0'),
      '46': new ObjectId('69e059108ac03574bcafbbf1'),
      '47': new ObjectId('69e059108ac03574bcafbbf2'),
      '48': new ObjectId('69e059108ac03574bcafbbf3'),
      '49': new ObjectId('69e059108ac03574bcafbbf4'),
      '50': new ObjectId('69e059108ac03574bcafbbf5'),
      '51': new ObjectId('69e059108ac03574bcafbbf6'),
      '52': new ObjectId('69e059108ac03574bcafbbf7'),
      '53': new ObjectId('69e059108ac03574bcafbbf8'),
      '54': new ObjectId('69e059108ac03574bcafbbf9'),
      '55': new ObjectId('69e059108ac03574bcafbbfa'),
      '56': new ObjectId('69e059108ac03574bcafbbfb'),
      '57': new ObjectId('69e059108ac03574bcafbbfc'),
      '58': new ObjectId('69e059108ac03574bcafbbfd'),
      '59': new ObjectId('69e059108ac03574bcafbbfe'),
      '60': new ObjectId('69e059108ac03574bcafbbff'),
      '61': new ObjectId('69e059108ac03574bcafbc00'),
      '62': new ObjectId('69e059108ac03574bcafbc01'),
      '63': new ObjectId('69e059108ac03574bcafbc02'),
      '64': new ObjectId('69e059108ac03574bcafbc03'),
      '65': new ObjectId('69e059108ac03574bcafbc04'),
      '66': new ObjectId('69e059108ac03574bcafbc05'),
      '67': new ObjectId('69e059108ac03574bcafbc06'),
      '68': new ObjectId('69e059108ac03574bcafbc07'),
      '69': new ObjectId('69e059108ac03574bcafbc08'),
      '70': new ObjectId('69e059108ac03574bcafbc09'),
      '71': new ObjectId('69e059108ac03574bcafbc0a'),
      '72': new ObjectId('69e059108ac03574bcafbc0b'),
      '73': new ObjectId('69e059108ac03574bcafbc0c'),
      '74': new ObjectId('69e059108ac03574bcafbc0d'),
      '75': new ObjectId('69e059108ac03574bcafbc0e'),
      '76': new ObjectId('69e059108ac03574bcafbc0f'),
      '77': new ObjectId('69e059108ac03574bcafbc10'),
      '78': new ObjectId('69e059108ac03574bcafbc11'),
      '79': new ObjectId('69e059108ac03574bcafbc12'),
      '80': new ObjectId('69e059108ac03574bcafbc13'),
      '81': new ObjectId('69e059108ac03574bcafbc14'),
      '82': new ObjectId('69e059108ac03574bcafbc15'),
      '83': new ObjectId('69e059108ac03574bcafbc16'),
      '84': new ObjectId('69e059108ac03574bcafbc17'),
      '85': new ObjectId('69e059108ac03574bcafbc18'),
      '86': new ObjectId('69e059108ac03574bcafbc19'),
      '87': new ObjectId('69e059108ac03574bcafbc1a'),
      '88': new ObjectId('69e059108ac03574bcafbc1b'),
      '89': new ObjectId('69e059108ac03574bcafbc1c'),
      '90': new ObjectId('69e059108ac03574bcafbc1d'),
      '91': new ObjectId('69e059108ac03574bcafbc1e'),
      '92': new ObjectId('69e059108ac03574bcafbc1f'),
      '93': new ObjectId('69e059108ac03574bcafbc20'),
      '94': new ObjectId('69e059108ac03574bcafbc21'),
      '95': new ObjectId('69e059108ac03574bcafbc22'),
      '96': new ObjectId('69e059108ac03574bcafbc23'),
      '97': new ObjectId('69e059108ac03574bcafbc24'),
      '98': new ObjectId('69e059108ac03574bcafbc25'),
      '99': new ObjectId('69e059108ac03574bcafbc26'),
      '100': new ObjectId('69e059108ac03574bcafbc27'),
      '101': new ObjectId('69e059108ac03574bcafbc28'),
      '102': new ObjectId('69e059108ac03574bcafbc29'),
      '103': new ObjectId('69e059108ac03574bcafbc2a'),
      '104': new ObjectId('69e059108ac03574bcafbc2b'),
      '105': new ObjectId('69e059108ac03574bcafbc2c'),
      '106': new ObjectId('69e059108ac03574bcafbc2d'),
      '107': new ObjectId('69e059108ac03574bcafbc2e'),
      '108': new ObjectId('69e059108ac03574bcafbc2f'),
      '109': new ObjectId('69e059108ac03574bcafbc30'),
      '110': new ObjectId('69e059108ac03574bcafbc31'),
      '111': new ObjectId('69e059108ac03574bcafbc32'),
      '112': new ObjectId('69e059108ac03574bcafbc33'),
      '113': new ObjectId('69e059108ac03574bcafbc34'),
      '114': new ObjectId('69e059108ac03574bcafbc35'),
      '115': new ObjectId('69e059108ac03574bcafbc36'),
      '116': new ObjectId('69e059108ac03574bcafbc37'),
      '117': new ObjectId('69e059108ac03574bcafbc38'),
      '118': new ObjectId('69e059108ac03574bcafbc39'),
      '119': new ObjectId('69e059108ac03574bcafbc3a'),
      '120': new ObjectId('69e059108ac03574bcafbc3b'),
      '121': new ObjectId('69e059108ac03574bcafbc3c'),
      '122': new ObjectId('69e059108ac03574bcafbc3d'),
      '123': new ObjectId('69e059108ac03574bcafbc3e'),
      '124': new ObjectId('69e059108ac03574bcafbc3f'),
      '125': new ObjectId('69e059108ac03574bcafbc40'),
      '126': new ObjectId('69e059108ac03574bcafbc41'),
      '127': new ObjectId('69e059108ac03574bcafbc42'),
      '128': new ObjectId('69e059108ac03574bcafbc43'),
      '129': new ObjectId('69e059108ac03574bcafbc44'),
      '130': new ObjectId('69e059108ac03574bcafbc45'),
      '131': new ObjectId('69e059108ac03574bcafbc46'),
      '132': new ObjectId('69e059108ac03574bcafbc47'),
      '133': new ObjectId('69e059108ac03574bcafbc48'),
      '134': new ObjectId('69e059108ac03574bcafbc49'),
      '135': new ObjectId('69e059108ac03574bcafbc4a'),
      '136': new ObjectId('69e059108ac03574bcafbc4b'),
      '137': new ObjectId('69e059108ac03574bcafbc4c'),
      '138': new ObjectId('69e059108ac03574bcafbc4d'),
      '139': new ObjectId('69e059108ac03574bcafbc4e'),
      '140': new ObjectId('69e059108ac03574bcafbc4f'),
      '141': new ObjectId('69e059108ac03574bcafbc50'),
      '142': new ObjectId('69e059108ac03574bcafbc51'),
      '143': new ObjectId('69e059108ac03574bcafbc52'),
      '144': new ObjectId('69e059108ac03574bcafbc53'),
      '145': new ObjectId('69e059108ac03574bcafbc54'),
      '146': new ObjectId('69e059108ac03574bcafbc55'),
      '147': new ObjectId('69e059108ac03574bcafbc56'),
      '148': new ObjectId('69e059108ac03574bcafbc57'),
      '149': new ObjectId('69e059108ac03574bcafbc58'),
      '150': new ObjectId('69e059108ac03574bcafbc59'),
      '151': new ObjectId('69e059108ac03574bcafbc5a'),
      '152': new ObjectId('69e059108ac03574bcafbc5b'),
      '153': new ObjectId('69e059108ac03574bcafbc5c'),
      '154': new ObjectId('69e059108ac03574bcafbc5d'),
      '155': new ObjectId('69e059108ac03574bcafbc5e'),
      '156': new ObjectId('69e059108ac03574bcafbc5f'),
      '157': new ObjectId('69e059108ac03574bcafbc60'),
      '158': new ObjectId('69e059108ac03574bcafbc61'),
      '159': new ObjectId('69e059108ac03574bcafbc62'),
      '160': new ObjectId('69e059108ac03574bcafbc63'),
      '161': new ObjectId('69e059108ac03574bcafbc64'),
      '162': new ObjectId('69e059108ac03574bcafbc65'),
      '163': new ObjectId('69e059108ac03574bcafbc66'),
      '164': new ObjectId('69e059108ac03574bcafbc67'),
      '165': new ObjectId('69e059108ac03574bcafbc68'),
      '166': new ObjectId('69e059108ac03574bcafbc69'),
      '167': new ObjectId('69e059108ac03574bcafbc6a'),
      '168': new ObjectId('69e059108ac03574bcafbc6b'),
      '169': new ObjectId('69e059108ac03574bcafbc6c'),
      '170': new ObjectId('69e059108ac03574bcafbc6d'),
      '171': new ObjectId('69e059108ac03574bcafbc6e'),
      '172': new ObjectId('69e059108ac03574bcafbc6f'),
      '173': new ObjectId('69e059108ac03574bcafbc70'),
      '174': new ObjectId('69e059108ac03574bcafbc71'),
      '175': new ObjectId('69e059108ac03574bcafbc72'),
      '176': new ObjectId('69e059108ac03574bcafbc73'),
      '177': new ObjectId('69e059108ac03574bcafbc74'),
      '178': new ObjectId('69e059108ac03574bcafbc75'),
      '179': new ObjectId('69e059108ac03574bcafbc76'),
      '180': new ObjectId('69e059108ac03574bcafbc77'),
      '181': new ObjectId('69e059108ac03574bcafbc78'),
      '182': new ObjectId('69e059108ac03574bcafbc79'),
      '183': new ObjectId('69e059108ac03574bcafbc7a'),
      '184': new ObjectId('69e059108ac03574bcafbc7b'),
      '185': new ObjectId('69e059108ac03574bcafbc7c'),
      '186': new ObjectId('69e059108ac03574bcafbc7d'),
      '187': new ObjectId('69e059108ac03574bcafbc7e'),
      '188': new ObjectId('69e059108ac03574bcafbc7f'),
      '189': new ObjectId('69e059108ac03574bcafbc80'),
      '190': new ObjectId('69e059108ac03574bcafbc81'),
      '191': new ObjectId('69e059108ac03574bcafbc82'),
      '192': new ObjectId('69e059108ac03574bcafbc83'),
      '193': new ObjectId('69e059108ac03574bcafbc84'),
      '194': new ObjectId('69e059108ac03574bcafbc85'),
      '195': new ObjectId('69e059108ac03574bcafbc86'),
      '196': new ObjectId('69e059108ac03574bcafbc87'),
      '197': new ObjectId('69e059108ac03574bcafbc88'),
      '198': new ObjectId('69e059108ac03574bcafbc89'),
      '199': new ObjectId('69e059108ac03574bcafbc8a'),
      '200': new ObjectId('69e059108ac03574bcafbc8b'),
      '201': new ObjectId('69e059108ac03574bcafbc8c'),
      '202': new ObjectId('69e059108ac03574bcafbc8d'),
      '203': new ObjectId('69e059108ac03574bcafbc8e'),
      '204': new ObjectId('69e059108ac03574bcafbc8f'),
      '205': new ObjectId('69e059108ac03574bcafbc90'),
      '206': new ObjectId('69e059108ac03574bcafbc91'),
      '207': new ObjectId('69e059108ac03574bcafbc92'),
      '208': new ObjectId('69e059108ac03574bcafbc93'),
      '209': new ObjectId('69e059108ac03574bcafbc94'),
      '210': new ObjectId('69e059108ac03574bcafbc95'),
      '211': new ObjectId('69e059108ac03574bcafbc96'),
      '212': new ObjectId('69e059108ac03574bcafbc97'),
      '213': new ObjectId('69e059108ac03574bcafbc98'),
      '214': new ObjectId('69e059108ac03574bcafbc99'),
      '215': new ObjectId('69e059108ac03574bcafbc9a'),
      '216': new ObjectId('69e059108ac03574bcafbc9b'),
      '217': new ObjectId('69e059108ac03574bcafbc9c'),
      '218': new ObjectId('69e059108ac03574bcafbc9d'),
      '219': new ObjectId('69e059108ac03574bcafbc9e'),
      '220': new ObjectId('69e059108ac03574bcafbc9f'),
      '221': new ObjectId('69e059108ac03574bcafbca0'),
      '222': new ObjectId('69e059108ac03574bcafbca1'),
      '223': new ObjectId('69e059108ac03574bcafbca2'),
      '224': new ObjectId('69e059108ac03574bcafbca3'),
      '225': new ObjectId('69e059108ac03574bcafbca4'),
      '226': new ObjectId('69e059108ac03574bcafbca5'),
      '227': new ObjectId('69e059108ac03574bcafbca6'),
      '228': new ObjectId('69e059108ac03574bcafbca7'),
      '229': new ObjectId('69e059108ac03574bcafbca8'),
      '230': new ObjectId('69e059108ac03574bcafbca9'),
      '231': new ObjectId('69e059108ac03574bcafbcaa'),
      '232': new ObjectId('69e059108ac03574bcafbcab'),
      '233': new ObjectId('69e059108ac03574bcafbcac'),
      '234': new ObjectId('69e059108ac03574bcafbcad'),
      '235': new ObjectId('69e059108ac03574bcafbcae'),
      '236': new ObjectId('69e059108ac03574bcafbcaf'),
      '237': new ObjectId('69e059108ac03574bcafbcb0'),
      '238': new ObjectId('69e059108ac03574bcafbcb1'),
      '239': new ObjectId('69e059108ac03574bcafbcb2'),
      '240': new ObjectId('69e059108ac03574bcafbcb3'),
      '241': new ObjectId('69e059108ac03574bcafbcb4'),
      '242': new ObjectId('69e059108ac03574bcafbcb5'),
      '243': new ObjectId('69e059108ac03574bcafbcb6'),
      '244': new ObjectId('69e059108ac03574bcafbcb7'),
      '245': new ObjectId('69e059108ac03574bcafbcb8'),
      '246': new ObjectId('69e059108ac03574bcafbcb9'),
      '247': new ObjectId('69e059108ac03574bcafbcba'),
      '248': new ObjectId('69e059108ac03574bcafbcbb'),
      '249': new ObjectId('69e059108ac03574bcafbcbc'),
      '250': new ObjectId('69e059108ac03574bcafbcbd'),
      '251': new ObjectId('69e059108ac03574bcafbcbe'),
      '252': new ObjectId('69e059108ac03574bcafbcbf'),
      '253': new ObjectId('69e059108ac03574bcafbcc0'),
      '254': new ObjectId('69e059108ac03574bcafbcc1'),
      '255': new ObjectId('69e059108ac03574bcafbcc2'),
      '256': new ObjectId('69e059108ac03574bcafbcc3'),
      '257': new ObjectId('69e059108ac03574bcafbcc4'),
      '258': new ObjectId('69e059108ac03574bcafbcc5'),
      '259': new ObjectId('69e059108ac03574bcafbcc6'),
      '260': new ObjectId('69e059108ac03574bcafbcc7'),
      '261': new ObjectId('69e059108ac03574bcafbcc8'),
      '262': new ObjectId('69e059108ac03574bcafbcc9'),
      '263': new ObjectId('69e059108ac03574bcafbcca'),
      '264': new ObjectId('69e059108ac03574bcafbccb'),
      '265': new ObjectId('69e059108ac03574bcafbccc'),
      '266': new ObjectId('69e059108ac03574bcafbccd'),
      '267': new ObjectId('69e059108ac03574bcafbcce'),
      '268': new ObjectId('69e059108ac03574bcafbccf'),
      '269': new ObjectId('69e059108ac03574bcafbcd0'),
      '270': new ObjectId('69e059108ac03574bcafbcd1'),
      '271': new ObjectId('69e059108ac03574bcafbcd2'),
      '272': new ObjectId('69e059108ac03574bcafbcd3'),
      '273': new ObjectId('69e059108ac03574bcafbcd4'),
      '274': new ObjectId('69e059108ac03574bcafbcd5'),
      '275': new ObjectId('69e059108ac03574bcafbcd6')
    }
  },
  insertedDocs: [
    {
      id: 'ne-mt-mt.-everest-x9a3o',
      category: 'physical',
      subCategory: 'mountain',
      name: 'Mt. Everest',
      lat: 27.980480509130615,
      lng: 86.8805960349296,
      attributes: [Object],
      _id: new ObjectId('69e059108ac03574bcafbbc3'),
      __v: 0,
      createdAt: 2026-04-16T03:35:44.972Z,
      updatedAt: 2026-04-16T03:35:44.972Z
    },
    {
      id: 'ne-mt-mt.-kilimanjaro-0wc51',
      category: 'physical',
      subCategory: 'mountain',
      name: 'Mt. Kilimanjaro',
      lat: -3.075714746279047,
      lng: 37.35325164703161,
      attributes: [Object],
      _id: new ObjectId('69e059108ac03574bcafbbc4'),
      __v: 0,
      createdAt: 2026-04-16T03:35:44.972Z,
      updatedAt: 2026-04-16T03:35:44.972Z
    },
    {
      id: 'ne-mt-vinson-massif-1cjcq',
      category: 'physical',
      subCategory: 'mountain',
      name: 'Vinson Massif',
      lat: -78.52936249227913,
      lng: -85.633729484895,
      attributes: [Object],
      _id: new ObjectId('69e059108ac03574bcafbbc5'),
      __v: 0,
      createdAt: 2026-04-16T03:35:44.972Z,
      updatedAt: 2026-04-16T03:35:44.972Z
    },
    {
      id: 'ne-mt-k2-oafmb',
      category: 'physical',
      subCategory: 'mountain',
      name: 'K2',
      lat: 35.88240597247014,
      lng: 76.51320907809574,
      attributes: [Object],
      _id: new ObjectId('69e059108ac03574bcafbbc6'),
      __v: 0,
      createdAt: 2026-04-16T03:35:44.972Z,
      updatedAt: 2026-04-16T03:35:44.972Z
    },
    {
      id: 'ne-mt-muztag-feng-qa59f',
      category: 'physical',
      subCategory: 'mountain',
      name: 'Muztag Feng',
      lat: 36.41650380055506,
      lng: 87.41319937465036,
      attributes: [Object],
      _id: new ObjectId('69e059108ac03574bcafbbc7'),
      __v: 0,
      createdAt: 2026-04-16T03:35:44.972Z,
      updatedAt: 2026-04-16T03:35:44.972Z
    },
    {
      id: 'ne-mt-kailash-eq7ep',
      category: 'physical',
      subCategory: 'mountain',
      name: 'Kailash',
      lat: 31.066598981098316,
      lng: 81.31253630588449,
      attributes: [Object],
      _id: new ObjectId('69e059108ac03574bcafbbc8'),
      __v: 0,
      createdAt: 2026-04-16T03:35:44.972Z,
      updatedAt: 2026-04-16T03:35:44.972Z
    },
    {
      id: 'ne-mt-gora-elbrus-te4vi',
      category: 'physical',
      subCategory: 'mountain',
      name: 'Gora Elbrus',
      lat: 43.35517092583443,
      lng: 42.43919750811773,
      attributes: [Object],
      _id: new ObjectId('69e059108ac03574bcafbbc9'),
      __v: 0,
      createdAt: 2026-04-16T03:35:44.972Z,
      updatedAt: 2026-04-16T03:35:44.972Z
    },
    {
      id: 'ne-mt-denali-e5ade',
      category: 'physical',
      subCategory: 'mountain',
      name: 'Denali',
      lat: 63.06941124467545,
      lng: -151.0072955641745,
      attributes: [Object],
      _id: new ObjectId('69e059108ac03574bcafbbca'),
      __v: 0,
      createdAt: 2026-04-16T03:35:44.972Z,
      updatedAt: 2026-04-16T03:35:44.972Z
    },
    {
      id: 'ne-mt-mt.-whitney-5tj4s',
      category: 'physical',
      subCategory: 'mountain',
      name: 'Mt. Whitney',
      lat: 36.582715141594875,
      lng: -118.29221822455945,
      attributes: [Object],
      _id: new ObjectId('69e059108ac03574bcafbbcb'),
      __v: 0,
      createdAt: 2026-04-16T03:35:44.972Z,
      updatedAt: 2026-04-16T03:35:44.972Z
    },
    {
      id: 'ne-mt-mt.-kosciuszko-0lro2',
      category: 'physical',
      subCategory: 'mountain',
      name: 'Mt. Kosciuszko',
      lat: -36.45587979951783,
      lng: 148.26319152511533,
      attributes: [Object],
      _id: new ObjectId('69e059108ac03574bcafbbcc'),
      __v: 0,
      createdAt: 2026-04-16T03:35:44.972Z,
      updatedAt: 2026-04-16T03:35:44.972Z
    },
    {
      id: 'ne-mt-cerro-aconcagua-rleq9',
      category: 'physical',
      subCategory: 'mountain',
      name: 'Cerro Aconcagua',
      lat: -32.65567863052878,
      lng: -70.01580098903159,
      attributes: [Object],
      _id: new ObjectId('69e059108ac03574bcafbbcd'),
      __v: 0,
      createdAt: 2026-04-16T03:35:44.972Z,
      updatedAt: 2026-04-16T03:35:44.972Z
    },
    {
      id: 'ne-mt-cero-raya-u55dl',
      category: 'physical',
      subCategory: 'mountain',
      name: 'Cero Raya',
      lat: 5.451674293245532,
      lng: -66.3755908581613,
      attributes: [Object],
      _id: new ObjectId('69e059108ac03574bcafbbce'),
      __v: 0,
      createdAt: 2026-04-16T03:35:44.976Z,
      updatedAt: 2026-04-16T03:35:44.976Z
    },
    {
      id: 'ne-mt-mt.-takahe-a2whx',
      category: 'physical',
      subCategory: 'mountain',
      name: 'Mt. Takahe',
      lat: -76.27284662872377,
      lng: -112.09986627507416,
      attributes: [Object],
      _id: new ObjectId('69e059108ac03574bcafbbcf'),
      __v: 0,
      createdAt: 2026-04-16T03:35:44.976Z,
      updatedAt: 2026-04-16T03:35:44.976Z
    },
    {
      id: 'ne-mt-mt.-sidley-8xis4',
      category: 'physical',
      subCategory: 'mountain',
      name: 'Mt. Sidley',
      lat: -77.03156201878257,
      lng: -126.06650630328515,
      attributes: [Object],
      _id: new ObjectId('69e059108ac03574bcafbbd0'),
      __v: 0,
      createdAt: 2026-04-16T03:35:44.977Z,
      updatedAt: 2026-04-16T03:35:44.977Z
    },
    {
      id: 'ne-mt-mt.-fridtjof-nansen-4tq4t',
      category: 'physical',
      subCategory: 'mountain',
      name: 'Mt. Fridtjof Nansen',
      lat: -85.34762232530097,
      lng: -167.55467464780637,
      attributes: [Object],
      _id: new ObjectId('69e059108ac03574bcafbbd1'),
      __v: 0,
      createdAt: 2026-04-16T03:35:44.977Z,
      updatedAt: 2026-04-16T03:35:44.977Z
    },
    {
      id: 'ne-mt-gongga-shan-tllmk',
      category: 'physical',
      subCategory: 'mountain',
      name: 'Gongga Shan',
      lat: 29.59578008131124,
      lng: 101.87911969121936,
      attributes: [Object],
      _id: new ObjectId('69e059108ac03574bcafbbd2'),
      __v: 0,
      createdAt: 2026-04-16T03:35:44.977Z,
      updatedAt: 2026-04-16T03:35:44.977Z
    },
    {
      id: 'ne-mt-dhaulagiri-pu5i3',
      category: 'physical',
      subCategory: 'mountain',
      name: 'Dhaulagiri',
      lat: 28.69646161029023,
      lng: 83.49513558278059,
      attributes: [Object],
      _id: new ObjectId('69e059108ac03574bcafbbd3'),
      __v: 0,
      createdAt: 2026-04-16T03:35:44.977Z,
      updatedAt: 2026-04-16T03:35:44.977Z
    },
    {
      id: 'ne-mt-belukha-ud95k',
      category: 'physical',
      subCategory: 'mountain',
      name: 'Belukha',
      lat: 49.80707915175273,
      lng: 86.60633722431956,
      attributes: [Object],
      _id: new ObjectId('69e059108ac03574bcafbbd4'),
      __v: 0,
      createdAt: 2026-04-16T03:35:44.977Z,
      updatedAt: 2026-04-16T03:35:44.977Z
    },
    {
      id: 'ne-mt-nganglong-kangri-ecmbd',
      category: 'physical',
      subCategory: 'mountain',
      name: 'Nganglong Kangri',
      lat: 32.81660446393939,
      lng: 80.99990549673552,
      attributes: [Object],
      _id: new ObjectId('69e059108ac03574bcafbbd5'),
      __v: 0,
      createdAt: 2026-04-16T03:35:44.977Z,
      updatedAt: 2026-04-16T03:35:44.977Z
    },
    {
      id: 'ne-mt-geladandong-5f2k9',
      category: 'physical',
      subCategory: 'mountain',
      name: 'Geladandong',
      lat: 33.41662134635651,
      lng: 91.08342044753587,
      attributes: [Object],
      _id: new ObjectId('69e059108ac03574bcafbbd6'),
      __v: 0,
      createdAt: 2026-04-16T03:35:44.977Z,
      updatedAt: 2026-04-16T03:35:44.977Z
    },
    {
      id: 'ne-mt-mt.-blanc-2upxm',
      category: 'physical',
      subCategory: 'mountain',
      name: 'Mt. Blanc',
      lat: 45.833678898832034,
      lng: 6.865042753153404,
      attributes: [Object],
      _id: new ObjectId('69e059108ac03574bcafbbd7'),
      __v: 0,
      createdAt: 2026-04-16T03:35:44.977Z,
      updatedAt: 2026-04-16T03:35:44.977Z
    },
    {
      id: 'ne-mt-mt.-washington-7eap2',
      category: 'physical',
      subCategory: 'mountain',
      name: 'Mt. Washington',
      lat: 44.267293526894235,
      lng: -71.30744285143042,
      attributes: [Object],
      _id: new ObjectId('69e059108ac03574bcafbbd8'),
      __v: 0,
      createdAt: 2026-04-16T03:35:44.977Z,
      updatedAt: 2026-04-16T03:35:44.977Z
    },
    {
      id: 'ne-mt-mt.-katahdin-p7i6u',
      category: 'physical',
      subCategory: 'mountain',
      name: 'Mt. Katahdin',
      lat: 45.90339476144071,
      lng: -68.92361273588052,
      attributes: [Object],
      _id: new ObjectId('69e059108ac03574bcafbbd9'),
      __v: 0,
      createdAt: 2026-04-16T03:35:44.977Z,
      updatedAt: 2026-04-16T03:35:44.977Z
    },
    {
      id: 'ne-mt-mt.-shasta-50a38',
      category: 'physical',
      subCategory: 'mountain',
      name: 'Mt. Shasta',
      lat: 41.40930668413502,
      lng: -122.19501400016846,
      attributes: [Object],
      _id: new ObjectId('69e059108ac03574bcafbbda'),
      __v: 0,
      createdAt: 2026-04-16T03:35:44.977Z,
      updatedAt: 2026-04-16T03:35:44.977Z
    },
    {
      id: 'ne-mt-grand-teton-w03vr',
      category: 'physical',
      subCategory: 'mountain',
      name: 'Grand Teton',
      lat: 43.76336820713416,
      lng: -110.80180215186724,
      attributes: [Object],
      _id: new ObjectId('69e059108ac03574bcafbbdb'),
      __v: 0,
      createdAt: 2026-04-16T03:35:44.977Z,
      updatedAt: 2026-04-16T03:35:44.977Z
    },
    {
      id: 'ne-mt-mt.-hood-9kjvq',
      category: 'physical',
      subCategory: 'mountain',
      name: 'Mt. Hood',
      lat: 45.38448416646173,
      lng: -121.69658193493606,
      attributes: [Object],
      _id: new ObjectId('69e059108ac03574bcafbbdc'),
      __v: 0,
      createdAt: 2026-04-16T03:35:44.977Z,
      updatedAt: 2026-04-16T03:35:44.977Z
    },
    {
      id: 'ne-mt-mt.-kenya-68b3z',
      category: 'physical',
      subCategory: 'mountain',
      name: 'Mt. Kenya',
      lat: -0.150072011359029,
      lng: 37.29993476485117,
      attributes: [Object],
      _id: new ObjectId('69e059108ac03574bcafbbdd'),
      __v: 0,
      createdAt: 2026-04-16T03:35:44.977Z,
      updatedAt: 2026-04-16T03:35:44.977Z
    },
    {
      id: 'ne-mt-mt.-stanley-6uqpx',
      category: 'physical',
      subCategory: 'mountain',
      name: 'Mt. Stanley',
      lat: 0.380107833717176,
      lng: 29.872085245566154,
      attributes: [Object],
      _id: new ObjectId('69e059108ac03574bcafbbde'),
      __v: 0,
      createdAt: 2026-04-16T03:35:44.977Z,
      updatedAt: 2026-04-16T03:35:44.977Z
    },
    {
      id: 'ne-mt-klyuchevskaya-sopka-mgnfj',
      category: 'physical',
      subCategory: 'mountain',
      name: 'Klyuchevskaya Sopka',
      lat: 56.05597930961122,
      lng: 160.64393704949978,
      attributes: [Object],
      _id: new ObjectId('69e059108ac03574bcafbbdf'),
      __v: 0,
      createdAt: 2026-04-16T03:35:44.977Z,
      updatedAt: 2026-04-16T03:35:44.977Z
    },
    {
      id: 'ne-mt-bogda-feng-iozyk',
      category: 'physical',
      subCategory: 'mountain',
      name: 'Bogda Feng',
      lat: 43.79511598697797,
      lng: 88.31740522653794,
      attributes: [Object],
      _id: new ObjectId('69e059108ac03574bcafbbe0'),
      __v: 0,
      createdAt: 2026-04-16T03:35:44.977Z,
      updatedAt: 2026-04-16T03:35:44.977Z
    },
    {
      id: 'ne-mt-pik-imeni-ismail-samani-sie9h',
      category: 'physical',
      subCategory: 'mountain',
      name: 'Pik Imeni Ismail Samani',
      lat: 38.93237398265639,
      lng: 72.02174645332167,
      attributes: [Object],
      _id: new ObjectId('69e059108ac03574bcafbbe1'),
      __v: 0,
      createdAt: 2026-04-16T03:35:44.977Z,
      updatedAt: 2026-04-16T03:35:44.977Z
    },
    {
      id: 'ne-mt-gora-manas-n0svv',
      category: 'physical',
      subCategory: 'mountain',
      name: 'Gora Manas',
      lat: 42.290004637970284,
      lng: 71.05420660805612,
      attributes: [Object],
      _id: new ObjectId('69e059108ac03574bcafbbe2'),
      __v: 0,
      createdAt: 2026-04-16T03:35:44.977Z,
      updatedAt: 2026-04-16T03:35:44.977Z
    },
    {
      id: 'ne-mt-shah-fuladi-0dzcb',
      category: 'physical',
      subCategory: 'mountain',
      name: 'Shah Fuladi',
      lat: 34.64210180495869,
      lng: 67.62770831325915,
      attributes: [Object],
      _id: new ObjectId('69e059108ac03574bcafbbe3'),
      __v: 0,
      createdAt: 2026-04-16T03:35:44.977Z,
      updatedAt: 2026-04-16T03:35:44.977Z
    },
    {
      id: "ne-mt-kuh-e-jang-qal'eh-a7wjk",
      category: 'physical',
      subCategory: 'mountain',
      name: "Kuh-e Jang Qal'eh",
      lat: 33.11699662513334,
      lng: 64.18836549684596,
      attributes: [Object],
      _id: new ObjectId('69e059108ac03574bcafbbe4'),
      __v: 0,
      createdAt: 2026-04-16T03:35:44.977Z,
      updatedAt: 2026-04-16T03:35:44.977Z
    },
    {
      id: 'ne-mt-gora-munku-sardyk-9put0',
      category: 'physical',
      subCategory: 'mountain',
      name: 'Gora Munku-Sardyk',
      lat: 51.7163890158966,
      lng: 100.61655976455532,
      attributes: [Object],
      _id: new ObjectId('69e059108ac03574bcafbbe5'),
      __v: 0,
      createdAt: 2026-04-16T03:35:44.980Z,
      updatedAt: 2026-04-16T03:35:44.980Z
    },
    {
      id: 'ne-mt-wutai-shan-twzcm',
      category: 'physical',
      subCategory: 'mountain',
      name: 'Wutai Shan',
      lat: 39.087598814640835,
      lng: 113.57021942291519,
      attributes: [Object],
      _id: new ObjectId('69e059108ac03574bcafbbe6'),
      __v: 0,
      createdAt: 2026-04-16T03:35:44.981Z,
      updatedAt: 2026-04-16T03:35:44.981Z
    },
    {
      id: 'ne-mt-kangtö-a7kr2',
      category: 'physical',
      subCategory: 'mountain',
      name: 'Kangtö',
      lat: 27.874694967895323,
      lng: 92.53202397974778,
      attributes: [Object],
      _id: new ObjectId('69e059108ac03574bcafbbe7'),
      __v: 0,
      createdAt: 2026-04-16T03:35:44.981Z,
      updatedAt: 2026-04-16T03:35:44.981Z
    },
    {
      id: 'ne-mt-mt.-chamberlin-mbk0k',
      category: 'physical',
      subCategory: 'mountain',
      name: 'Mt. Chamberlin',
      lat: 69.28107036816243,
      lng: -144.91362023830047,
      attributes: [Object],
      _id: new ObjectId('69e059108ac03574bcafbbe8'),
      __v: 0,
      createdAt: 2026-04-16T03:35:44.981Z,
      updatedAt: 2026-04-16T03:35:44.981Z
    },
    {
      id: 'ne-mt-gunung-kinabalu-nnyy8',
      category: 'physical',
      subCategory: 'mountain',
      name: 'Gunung Kinabalu',
      lat: 6.083398563929052,
      lng: 116.54998687156385,
      attributes: [Object],
      _id: new ObjectId('69e059108ac03574bcafbbe9'),
      __v: 0,
      createdAt: 2026-04-16T03:35:44.981Z,
      updatedAt: 2026-04-16T03:35:44.981Z
    },
    {
      id: 'ne-mt-puncak-jaya-o0lzc',
      category: 'physical',
      subCategory: 'mountain',
      name: 'Puncak Jaya',
      lat: -4.077668215497425,
      lng: 137.1662518971123,
      attributes: [Object],
      _id: new ObjectId('69e059108ac03574bcafbbea'),
      __v: 0,
      createdAt: 2026-04-16T03:35:44.981Z,
      updatedAt: 2026-04-16T03:35:44.981Z
    },
    {
      id: 'ne-mt-chimborazo-fct9y',
      category: 'physical',
      subCategory: 'mountain',
      name: 'Chimborazo',
      lat: -1.469260929551098,
      lng: -78.81748923074362,
      attributes: [Object],
      _id: new ObjectId('69e059108ac03574bcafbbeb'),
      __v: 0,
      createdAt: 2026-04-16T03:35:44.981Z,
      updatedAt: 2026-04-16T03:35:44.981Z
    },
    {
      id: 'ne-mt-pico-bolívar-5m9am',
      category: 'physical',
      subCategory: 'mountain',
      name: 'Pico Bolívar',
      lat: 8.552858823586945,
      lng: -71.05273356428654,
      attributes: [Object],
      _id: new ObjectId('69e059108ac03574bcafbbec'),
      __v: 0,
      createdAt: 2026-04-16T03:35:44.981Z,
      updatedAt: 2026-04-16T03:35:44.981Z
    },
    {
      id: 'ne-mt-cerro-champaquí-771sc',
      category: 'physical',
      subCategory: 'mountain',
      name: 'Cerro Champaquí',
      lat: -31.991641097917707,
      lng: -64.91600081689404,
      attributes: [Object],
      _id: new ObjectId('69e059108ac03574bcafbbed'),
      __v: 0,
      createdAt: 2026-04-16T03:35:44.981Z,
      updatedAt: 2026-04-16T03:35:44.981Z
    },
    {
      id: 'ne-mt-jebel-toubkal-yf3e6',
      category: 'physical',
      subCategory: 'mountain',
      name: 'Jebel Toubkal',
      lat: 31.06207512442846,
      lng: -7.91613382509621,
      attributes: [Object],
      _id: new ObjectId('69e059108ac03574bcafbbee'),
      __v: 0,
      createdAt: 2026-04-16T03:35:44.981Z,
      updatedAt: 2026-04-16T03:35:44.981Z
    },
    {
      id: 'ne-mt-thabana-ntlenyana-oil2k',
      category: 'physical',
      subCategory: 'mountain',
      name: 'Thabana Ntlenyana',
      lat: -29.466602027744443,
      lng: 29.266696283353582,
      attributes: [Object],
      _id: new ObjectId('69e059108ac03574bcafbbef'),
      __v: 0,
      createdAt: 2026-04-16T03:35:44.981Z,
      updatedAt: 2026-04-16T03:35:44.981Z
    },
    {
      id: 'ne-mt-mt.-batu-o431o',
      category: 'physical',
      subCategory: 'mountain',
      name: 'Mt. Batu',
      lat: 6.666693333298667,
      lng: 39.4167765537247,
      attributes: [Object],
      _id: new ObjectId('69e059108ac03574bcafbbf0'),
      __v: 0,
      createdAt: 2026-04-16T03:35:44.981Z,
      updatedAt: 2026-04-16T03:35:44.981Z
    },
    {
      id: 'ne-mt-argun-uohlf',
      category: 'physical',
      subCategory: 'mountain',
      name: 'Argun',
      lat: 6.109814655554828,
      lng: 36.747297202735325,
      attributes: [Object],
      _id: new ObjectId('69e059108ac03574bcafbbf1'),
      __v: 0,
      createdAt: 2026-04-16T03:35:44.981Z,
      updatedAt: 2026-04-16T03:35:44.981Z
    },
    {
      id: 'ne-mt-kinyeti-jzane',
      category: 'physical',
      subCategory: 'mountain',
      name: 'Kinyeti',
      lat: 3.955085567071237,
      lng: 32.90129198496396,
      attributes: [Object],
      _id: new ObjectId('69e059108ac03574bcafbbf2'),
      __v: 0,
      createdAt: 2026-04-16T03:35:44.981Z,
      updatedAt: 2026-04-16T03:35:44.981Z
    },
    {
      id: 'ne-mt-muleta-xoj9k',
      category: 'physical',
      subCategory: 'mountain',
      name: 'Muleta',
      lat: 9.268880316323958,
      lng: 41.73355665077494,
      attributes: [Object],
      _id: new ObjectId('69e059108ac03574bcafbbf3'),
      __v: 0,
      createdAt: 2026-04-16T03:35:44.981Z,
      updatedAt: 2026-04-16T03:35:44.981Z
    },
    {
      id: 'ne-mt-ras-dejen-0fd4j',
      category: 'physical',
      subCategory: 'mountain',
      name: 'Ras Dejen',
      lat: 13.236746923139563,
      lng: 38.3723311450716,
      attributes: [Object],
      _id: new ObjectId('69e059108ac03574bcafbbf4'),
      __v: 0,
      createdAt: 2026-04-16T03:35:44.981Z,
      updatedAt: 2026-04-16T03:35:44.981Z
    },
    {
      id: 'ne-mt-mt.-elgon-tew9g',
      category: 'physical',
      subCategory: 'mountain',
      name: 'Mt. Elgon',
      lat: 1.123151291741095,
      lng: 34.5341618933177,
      attributes: [Object],
      _id: new ObjectId('69e059108ac03574bcafbbf5'),
      __v: 0,
      createdAt: 2026-04-16T03:35:44.981Z,
      updatedAt: 2026-04-16T03:35:44.981Z
    },
    {
      id: 'ne-mt-talo-e12zu',
      category: 'physical',
      subCategory: 'mountain',
      name: 'Talo',
      lat: 10.656694524534643,
      lng: 37.882219744785544,
      attributes: [Object],
      _id: new ObjectId('69e059108ac03574bcafbbf6'),
      __v: 0,
      createdAt: 2026-04-16T03:35:44.981Z,
      updatedAt: 2026-04-16T03:35:44.981Z
    },
    {
      id: 'ne-mt-lesatima-g9bkb',
      category: 'physical',
      subCategory: 'mountain',
      name: 'Lesatima',
      lat: -0.324805975232238,
      lng: 36.623618192707625,
      attributes: [Object],
      _id: new ObjectId('69e059108ac03574bcafbbf7'),
      __v: 0,
      createdAt: 2026-04-16T03:35:44.981Z,
      updatedAt: 2026-04-16T03:35:44.981Z
    },
    {
      id: 'ne-mt-otgon-tenger-lcu6c',
      category: 'physical',
      subCategory: 'mountain',
      name: 'Otgon Tenger',
      lat: 47.59996218736911,
      lng: 97.55019277394084,
      attributes: [Object],
      _id: new ObjectId('69e059108ac03574bcafbbf8'),
      __v: 0,
      createdAt: 2026-04-16T03:35:44.981Z,
      updatedAt: 2026-04-16T03:35:44.981Z
    },
    {
      id: 'ne-mt-gora-korolenko-6ke33',
      category: 'physical',
      subCategory: 'mountain',
      name: 'Gora Korolenko',
      lat: 58.288260226720915,
      lng: 115.0071093976783,
      attributes: [Object],
      _id: new ObjectId('69e059108ac03574bcafbbf9'),
      __v: 0,
      createdAt: 2026-04-16T03:35:44.981Z,
      updatedAt: 2026-04-16T03:35:44.981Z
    },
    {
      id: 'ne-mt-magen-gangri-x2rgm',
      category: 'physical',
      subCategory: 'mountain',
      name: 'Magen Gangri',
      lat: 34.80011365578439,
      lng: 99.4666115557088,
      attributes: [Object],
      _id: new ObjectId('69e059108ac03574bcafbbfa'),
      __v: 0,
      createdAt: 2026-04-16T03:35:44.981Z,
      updatedAt: 2026-04-16T03:35:44.981Z
    },
    {
      id: 'ne-mt-taibai-shan-x3xei',
      category: 'physical',
      subCategory: 'mountain',
      name: 'Taibai Shan',
      lat: 33.95007290920289,
      lng: 107.75011625083519,
      attributes: [Object],
      _id: new ObjectId('69e059108ac03574bcafbbfb'),
      __v: 0,
      createdAt: 2026-04-16T03:35:44.981Z,
      updatedAt: 2026-04-16T03:35:44.981Z
    },
    {
      id: 'ne-mt-nanda-devi-d1ia5',
      category: 'physical',
      subCategory: 'mountain',
      name: 'Nanda Devi',
      lat: 30.54247787263352,
      lng: 79.97097045380761,
      attributes: [Object],
      _id: new ObjectId('69e059108ac03574bcafbbfc'),
      __v: 0,
      createdAt: 2026-04-16T03:35:44.981Z,
      updatedAt: 2026-04-16T03:35:44.981Z
    },
    {
      id: 'ne-mt-daba-shan-5jbpv',
      category: 'physical',
      subCategory: 'mountain',
      name: 'Daba Shan',
      lat: 32.24987024130764,
      lng: 108.99999322219267,
      attributes: [Object],
      _id: new ObjectId('69e059108ac03574bcafbbfd'),
      __v: 0,
      createdAt: 2026-04-16T03:35:44.981Z,
      updatedAt: 2026-04-16T03:35:44.981Z
    },
    {
      id: 'ne-mt-mazong-shan-uvlws',
      category: 'physical',
      subCategory: 'mountain',
      name: 'Mazong Shan',
      lat: 41.52381680609076,
      lng: 97.11937620929186,
      attributes: [Object],
      _id: new ObjectId('69e059108ac03574bcafbbfe'),
      __v: 0,
      createdAt: 2026-04-16T03:35:44.981Z,
      updatedAt: 2026-04-16T03:35:44.981Z
    },
    {
      id: 'ne-mt-gora-burun-shibertuy-7h637',
      category: 'physical',
      subCategory: 'mountain',
      name: 'Gora Burun-Shibertuy',
      lat: 49.700081863195145,
      lng: 109.98312421633827,
      attributes: [Object],
      _id: new ObjectId('69e059108ac03574bcafbbff'),
      __v: 0,
      createdAt: 2026-04-16T03:35:44.981Z,
      updatedAt: 2026-04-16T03:35:44.981Z
    },
    {
      id: 'ne-mt-skalistyy-golets-739fh',
      category: 'physical',
      subCategory: 'mountain',
      name: 'Skalistyy Golets',
      lat: 56.4014888627715,
      lng: 119.09804914086047,
      attributes: [Object],
      _id: new ObjectId('69e059108ac03574bcafbc00'),
      __v: 0,
      createdAt: 2026-04-16T03:35:44.981Z,
      updatedAt: 2026-04-16T03:35:44.981Z
    },
    {
      id: 'ne-mt-inyaptuk-golets-cg6tt',
      category: 'physical',
      subCategory: 'mountain',
      name: 'Inyaptuk Golets',
      lat: 56.36408626209037,
      lng: 111.6315044904172,
      attributes: [Object],
      _id: new ObjectId('69e059108ac03574bcafbc01'),
      __v: 0,
      createdAt: 2026-04-16T03:35:44.981Z,
      updatedAt: 2026-04-16T03:35:44.981Z
    },
    {
      id: 'ne-mt-grandiozny-pk.-oyrvj',
      category: 'physical',
      subCategory: 'mountain',
      name: 'Grandiozny Pk.',
      lat: 53.925687125460335,
      lng: 96.03857838097022,
      attributes: [Object],
      _id: new ObjectId('69e059108ac03574bcafbc02'),
      __v: 0,
      createdAt: 2026-04-16T03:35:44.982Z,
      updatedAt: 2026-04-16T03:35:44.982Z
    },
    {
      id: 'ne-mt-wheeler-pk.-wcix1',
      category: 'physical',
      subCategory: 'mountain',
      name: 'Wheeler Pk.',
      lat: 38.98625634692057,
      lng: -114.31340550026589,
      attributes: [Object],
      _id: new ObjectId('69e059108ac03574bcafbc03'),
      __v: 0,
      createdAt: 2026-04-16T03:35:44.982Z,
      updatedAt: 2026-04-16T03:35:44.982Z
    },
    {
      id: 'ne-mt-borah-pk.-abjpq',
      category: 'physical',
      subCategory: 'mountain',
      name: 'Borah Pk.',
      lat: 44.14010044963194,
      lng: -113.78221586575444,
      attributes: [Object],
      _id: new ObjectId('69e059108ac03574bcafbc04'),
      __v: 0,
      createdAt: 2026-04-16T03:35:44.982Z,
      updatedAt: 2026-04-16T03:35:44.982Z
    },
    {
      id: 'ne-mt-sacajawea-pk.-ogz1j',
      category: 'physical',
      subCategory: 'mountain',
      name: 'Sacajawea Pk.',
      lat: 45.25365584723258,
      lng: -117.29668701614916,
      attributes: [Object],
      _id: new ObjectId('69e059108ac03574bcafbc05'),
      __v: 0,
      createdAt: 2026-04-16T03:35:44.982Z,
      updatedAt: 2026-04-16T03:35:44.982Z
    },
    {
      id: 'ne-mt-trapper-pk.-zhryd',
      category: 'physical',
      subCategory: 'mountain',
      name: 'Trapper Pk.',
      lat: 45.90638373816901,
      lng: -114.31380941603999,
      attributes: [Object],
      _id: new ObjectId('69e059108ac03574bcafbc06'),
      __v: 0,
      createdAt: 2026-04-16T03:35:44.982Z,
      updatedAt: 2026-04-16T03:35:44.982Z
    },
    {
      id: 'ne-mt-kings-pk.-7jnok',
      category: 'physical',
      subCategory: 'mountain',
      name: 'Kings Pk.',
      lat: 40.78210627012135,
      lng: -110.37256085873719,
      attributes: [Object],
      _id: new ObjectId('69e059108ac03574bcafbc07'),
      __v: 0,
      createdAt: 2026-04-16T03:35:44.982Z,
      updatedAt: 2026-04-16T03:35:44.982Z
    },
    {
      id: 'ne-mt-mt.-baker-72448',
      category: 'physical',
      subCategory: 'mountain',
      name: 'Mt. Baker',
      lat: 48.79591640288499,
      lng: -121.82324992169204,
      attributes: [Object],
      _id: new ObjectId('69e059108ac03574bcafbc08'),
      __v: 0,
      createdAt: 2026-04-16T03:35:44.982Z,
      updatedAt: 2026-04-16T03:35:44.982Z
    },
    {
      id: 'ne-mt-mt.-elbert-4tk7b',
      category: 'physical',
      subCategory: 'mountain',
      name: 'Mt. Elbert',
      lat: 39.12508219847679,
      lng: -106.44641875138552,
      attributes: [Object],
      _id: new ObjectId('69e059108ac03574bcafbc09'),
      __v: 0,
      createdAt: 2026-04-16T03:35:44.982Z,
      updatedAt: 2026-04-16T03:35:44.982Z
    },
    {
      id: 'ne-mt-uncompahgre-pk.-a5qlh',
      category: 'physical',
      subCategory: 'mountain',
      name: 'Uncompahgre Pk.',
      lat: 38.0730027816933,
      lng: -107.47705024056461,
      attributes: [Object],
      _id: new ObjectId('69e059108ac03574bcafbc0a'),
      __v: 0,
      createdAt: 2026-04-16T03:35:44.982Z,
      updatedAt: 2026-04-16T03:35:44.982Z
    },
    {
      id: 'ne-mt-mt.-mitchell-ahdou',
      category: 'physical',
      subCategory: 'mountain',
      name: 'Mt. Mitchell',
      lat: 35.76470491589905,
      lng: -82.26806090567662,
      attributes: [Object],
      _id: new ObjectId('69e059108ac03574bcafbc0b'),
      __v: 0,
      createdAt: 2026-04-16T03:35:44.982Z,
      updatedAt: 2026-04-16T03:35:44.982Z
    },
    {
      id: 'ne-mt-clingmans-dome-wy5r0',
      category: 'physical',
      subCategory: 'mountain',
      name: 'Clingmans Dome',
      lat: 35.58694158372014,
      lng: -83.49741895571012,
      attributes: [Object],
      _id: new ObjectId('69e059108ac03574bcafbc0c'),
      __v: 0,
      createdAt: 2026-04-16T03:35:44.982Z,
      updatedAt: 2026-04-16T03:35:44.982Z
    },
    {
      id: 'ne-mt-spruce-knob-8s0fn',
      category: 'physical',
      subCategory: 'mountain',
      name: 'Spruce Knob',
      lat: 38.71498651303882,
      lng: -79.53520716973182,
      attributes: [Object],
      _id: new ObjectId('69e059108ac03574bcafbc0d'),
      __v: 0,
      createdAt: 2026-04-16T03:35:44.983Z,
      updatedAt: 2026-04-16T03:35:44.983Z
    },
    {
      id: 'ne-mt-mt.-rogers-je5xl',
      category: 'physical',
      subCategory: 'mountain',
      name: 'Mt. Rogers',
      lat: 36.6770294748459,
      lng: -81.56201613255975,
      attributes: [Object],
      _id: new ObjectId('69e059108ac03574bcafbc0e'),
      __v: 0,
      createdAt: 2026-04-16T03:35:44.983Z,
      updatedAt: 2026-04-16T03:35:44.983Z
    },
    {
      id: 'ne-rv-albert-nile-nu7xw',
      category: 'physical',
      subCategory: 'river',
      name: 'Albert Nile',
      lat: 2.193354803481441,
      lng: 31.36669559132855,
      path: [Array],
      attributes: [Object],
      _id: new ObjectId('69e059108ac03574bcafbc0f'),
      __v: 0,
      createdAt: 2026-04-16T03:35:44.983Z,
      updatedAt: 2026-04-16T03:35:44.983Z
    },
    {
      id: 'ne-rv-madison-l08fc',
      category: 'physical',
      subCategory: 'river',
      name: 'Madison',
      lat: 44.756519070099046,
      lng: -111.09967302089319,
      path: [Array],
      attributes: [Object],
      _id: new ObjectId('69e059108ac03574bcafbc10'),
      __v: 0,
      createdAt: 2026-04-16T03:35:44.983Z,
      updatedAt: 2026-04-16T03:35:44.983Z
    },
    {
      id: 'ne-rv-missouri-rdmwb',
      category: 'physical',
      subCategory: 'river',
      name: 'Missouri',
      lat: 43.99090688764278,
      lng: -99.36488542392311,
      path: [Array],
      attributes: [Object],
      _id: new ObjectId('69e059108ac03574bcafbc11'),
      __v: 0,
      createdAt: 2026-04-16T03:35:44.983Z,
      updatedAt: 2026-04-16T03:35:44.983Z
    },
    {
      id: 'ne-rv-nile-0audb',
      category: 'physical',
      subCategory: 'river',
      name: 'Nile',
      lat: 23.9876834174558,
      lng: 32.87947146973261,
      path: [Array],
      attributes: [Object],
      _id: new ObjectId('69e059108ac03574bcafbc12'),
      __v: 0,
      createdAt: 2026-04-16T03:35:44.983Z,
      updatedAt: 2026-04-16T03:35:44.983Z
    },
    {
      id: 'ne-rv-victoria-nile-1fgwz',
      category: 'physical',
      subCategory: 'river',
      name: 'Victoria Nile',
      lat: 0.428191230041307,
      lng: 33.18725630023812,
      path: [Array],
      attributes: [Object],
      _id: new ObjectId('69e059108ac03574bcafbc13'),
      __v: 0,
      createdAt: 2026-04-16T03:35:44.983Z,
      updatedAt: 2026-04-16T03:35:44.983Z
    },
    {
      id: 'ne-rv-albert-nile-u8t1i',
      category: 'physical',
      subCategory: 'river',
      name: 'Albert Nile',
      lat: 3.613655707145199,
      lng: 32.015854933458456,
      path: [Array],
      attributes: [Object],
      _id: new ObjectId('69e059108ac03574bcafbc14'),
      __v: 0,
      createdAt: 2026-04-16T03:35:44.983Z,
      updatedAt: 2026-04-16T03:35:44.983Z
    },
    {
      id: 'ne-rv-amazonas-god7p',
      category: 'physical',
      subCategory: 'river',
      name: 'Amazonas',
      lat: -1.551791273648291,
      lng: -52.664170091276674,
      path: [Array],
      attributes: [Object],
      _id: new ObjectId('69e059108ac03574bcafbc15'),
      __v: 0,
      createdAt: 2026-04-16T03:35:44.983Z,
      updatedAt: 2026-04-16T03:35:44.983Z
    },
    {
      id: 'ne-rv-bahr-el-jebel-0nf05',
      category: 'physical',
      subCategory: 'river',
      name: 'Bahr el Jebel',
      lat: 3.613655707145199,
      lng: 32.015854933458456,
      path: [Array],
      attributes: [Object],
      _id: new ObjectId('69e059108ac03574bcafbc16'),
      __v: 0,
      createdAt: 2026-04-16T03:35:44.983Z,
      updatedAt: 2026-04-16T03:35:44.983Z
    },
    {
      id: 'ne-rv-bahr-el-jebel-dyxq6',
      category: 'physical',
      subCategory: 'river',
      name: 'Bahr el Jebel',
      lat: 6.829660955888471,
      lng: 31.148310987662,
      path: [Array],
      attributes: [Object],
      _id: new ObjectId('69e059108ac03574bcafbc17'),
      __v: 0,
      createdAt: 2026-04-16T03:35:44.983Z,
      updatedAt: 2026-04-16T03:35:44.983Z
    },
    {
      id: 'ne-rv-bykovskaya-protoka-vp31g',
      category: 'physical',
      subCategory: 'river',
      name: 'Bykovskaya Protoka',
      lat: 72.29439891208017,
      lng: 126.6896627135634,
      path: [Array],
      attributes: [Object],
      _id: new ObjectId('69e059108ac03574bcafbc18'),
      __v: 0,
      createdAt: 2026-04-16T03:35:44.983Z,
      updatedAt: 2026-04-16T03:35:44.983Z
    },
    {
      id: 'ne-rv-chang-jiang-782j3',
      category: 'physical',
      subCategory: 'river',
      name: 'Chang Jiang',
      lat: 28.668043728135615,
      lng: 103.85074669840145,
      path: [Array],
      attributes: [Object],
      _id: new ObjectId('69e059108ac03574bcafbc19'),
      __v: 0,
      createdAt: 2026-04-16T03:35:44.983Z,
      updatedAt: 2026-04-16T03:35:44.983Z
    },
    {
      id: 'ne-rv-damietta-branch-qmj07',
      category: 'physical',
      subCategory: 'river',
      name: 'Damietta Branch',
      lat: 30.1512606877306,
      lng: 31.16329715354084,
      path: [Array],
      attributes: [Object],
      _id: new ObjectId('69e059108ac03574bcafbc1a'),
      __v: 0,
      createdAt: 2026-04-16T03:35:44.983Z,
      updatedAt: 2026-04-16T03:35:44.983Z
    },
    {
      id: 'ne-rv-el-bahr-el-abyad-pxlwi',
      category: 'physical',
      subCategory: 'river',
      name: 'El Bahr el Abyad',
      lat: 9.43252533637525,
      lng: 31.1247465350246,
      path: [Array],
      attributes: [Object],
      _id: new ObjectId('69e059108ac03574bcafbc1b'),
      __v: 0,
      createdAt: 2026-04-16T03:35:44.983Z,
      updatedAt: 2026-04-16T03:35:44.983Z
    },
    {
      id: 'ne-rv-jinsha-1xhns',
      category: 'physical',
      subCategory: 'river',
      name: 'Jinsha',
      lat: 28.119601752518918,
      lng: 99.39861535001847,
      path: [Array],
      attributes: [Object],
      _id: new ObjectId('69e059108ac03574bcafbc1c'),
      __v: 0,
      createdAt: 2026-04-16T03:35:44.983Z,
      updatedAt: 2026-04-16T03:35:44.983Z
    },
    {
      id: 'ne-rv-kagera-jrxxb',
      category: 'physical',
      subCategory: 'river',
      name: 'Kagera',
      lat: -2.984365329596244,
      lng: 29.593470493268683,
      path: [Array],
      attributes: [Object],
      _id: new ObjectId('69e059108ac03574bcafbc1d'),
      __v: 0,
      createdAt: 2026-04-16T03:35:44.984Z,
      updatedAt: 2026-04-16T03:35:44.984Z
    },
    {
      id: 'ne-rv-lena-xleq4',
      category: 'physical',
      subCategory: 'river',
      name: 'Lena',
      lat: 60.40347097470578,
      lng: 120.64837772015574,
      path: [Array],
      attributes: [Object],
      _id: new ObjectId('69e059108ac03574bcafbc1e'),
      __v: 0,
      createdAt: 2026-04-16T03:35:44.984Z,
      updatedAt: 2026-04-16T03:35:44.984Z
    },
    {
      id: 'ne-rv-madison-8f9zz',
      category: 'physical',
      subCategory: 'river',
      name: 'Madison',
      lat: 44.72672760639398,
      lng: -110.74369991701752,
      path: [Array],
      attributes: [Object],
      _id: new ObjectId('69e059108ac03574bcafbc1f'),
      __v: 0,
      createdAt: 2026-04-16T03:35:44.984Z,
      updatedAt: 2026-04-16T03:35:44.984Z
    },
    {
      id: 'ne-rv-mississippi-d7wgj',
      category: 'physical',
      subCategory: 'river',
      name: 'Mississippi',
      lat: 28.981332099296992,
      lng: -89.37614112031639,
      path: [Array],
      attributes: [Object],
      _id: new ObjectId('69e059108ac03574bcafbc20'),
      __v: 0,
      createdAt: 2026-04-16T03:35:44.984Z,
      updatedAt: 2026-04-16T03:35:44.984Z
    },
    {
      id: 'ne-rv-missouri-vu4i1',
      category: 'physical',
      subCategory: 'river',
      name: 'Missouri',
      lat: 43.05987844513419,
      lng: -98.55966325575463,
      path: [Array],
      attributes: [Object],
      _id: new ObjectId('69e059108ac03574bcafbc21'),
      __v: 0,
      createdAt: 2026-04-16T03:35:44.984Z,
      updatedAt: 2026-04-16T03:35:44.984Z
    },
    {
      id: 'ne-rv-nile-5w76a',
      category: 'physical',
      subCategory: 'river',
      name: 'Nile',
      lat: 15.634549872378784,
      lng: 32.490141228734785,
      path: [Array],
      attributes: [Object],
      _id: new ObjectId('69e059108ac03574bcafbc22'),
      __v: 0,
      createdAt: 2026-04-16T03:35:44.984Z,
      updatedAt: 2026-04-16T03:35:44.984Z
    },
    {
      id: 'ne-rv-olenekskaya-protoka-5s3nk',
      category: 'physical',
      subCategory: 'river',
      name: 'Olenekskaya Protoka',
      lat: 72.29439891208017,
      lng: 126.6896627135634,
      path: [Array],
      attributes: [Object],
      _id: new ObjectId('69e059108ac03574bcafbc23'),
      __v: 0,
      createdAt: 2026-04-16T03:35:44.984Z,
      updatedAt: 2026-04-16T03:35:44.984Z
    },
    {
      id: 'ne-rv-rosetta-branch-9pyme',
      category: 'physical',
      subCategory: 'river',
      name: 'Rosetta Branch',
      lat: 30.12069407766961,
      lng: 31.237607863512153,
      path: [Array],
      attributes: [Object],
      _id: new ObjectId('69e059108ac03574bcafbc24'),
      __v: 0,
      createdAt: 2026-04-16T03:35:44.984Z,
      updatedAt: 2026-04-16T03:35:44.984Z
    },
    {
      id: 'ne-rv-tongtian-uo6yd',
      category: 'physical',
      subCategory: 'river',
      name: 'Tongtian',
      lat: 34.10029612906317,
      lng: 92.99280480349893,
      path: [Array],
      attributes: [Object],
      _id: new ObjectId('69e059108ac03574bcafbc25'),
      __v: 0,
      createdAt: 2026-04-16T03:35:44.984Z,
      updatedAt: 2026-04-16T03:35:44.984Z
    },
    {
      id: 'ne-rv-tuotuo-znop9',
      category: 'physical',
      subCategory: 'river',
      name: 'Tuotuo',
      lat: 34.30041311337453,
      lng: 90.79469607946055,
      path: [Array],
      attributes: [Object],
      _id: new ObjectId('69e059108ac03574bcafbc26'),
      __v: 0,
      createdAt: 2026-04-16T03:35:44.984Z,
      updatedAt: 2026-04-16T03:35:44.984Z
    },
    ... 176 more items
  ]
}
