⚠ Warning: Next.js inferred your workspace root, but it may not be correct.
 We detected multiple lockfiles and selected the directory of C:\Users\nht_anh.BRYCENVN\package-lock.json as the root directory.
 To silence this warning, set `turbopack.root` in your Next.js config, or consider removing one of the lockfiles if it's not needed.
   See https://nextjs.org/docs/app/api-reference/config/next-config-js/turbopack#root-directory for more information.
 Detected additional lockfiles: 
   * C:\Users\nht_anh.BRYCENVN\Documents\geography\package-lock.json

API /map/features Lỗi GET: MongooseError: Cannot call `geofeatures.countDocuments()` before initial connection is complete if `bufferCommands = false`. Make sure you `await mongoose.connect()` if you have `bufferCommands = false`.
    at async GET (src\app\api\map\features\route.ts:24:21)
  22 |     // Nếu gọi báo cáo trạng thái seed
  23 |     if (category === 'status') {
> 24 |       const count = await GeoFeature.countDocuments();
     |                     ^
  25 |       return NextResponse.json({ seeded: count > 0, count });
  26 |     }
  27 |
API /map/features Lỗi GET: MongooseError: Cannot call `geofeatures.countDocuments()` before initial connection is complete if `bufferCommands = false`. Make sure you `await mongoose.connect()` if you have `bufferCommands = false`.
    at async GET (src\app\api\map\features\route.ts:24:21)
  22 |     // Nếu gọi báo cáo trạng thái seed
  23 |     if (category === 'status') {
> 24 |       const count = await GeoFeature.countDocuments();
     |                     ^
  25 |       return NextResponse.json({ seeded: count > 0, count });
  26 |     }
  27 |
