
> geography@0.1.0 dev
> next dev

▲ Next.js 16.2.3 (Turbopack)
- Local:         http://localhost:3000
- Network:       http://192.168.3.174:3000
- Environments: .env
✓ Ready in 666ms

 GET /icon-192x192.png 404 in 747ms (next.js: 390ms, application-code: 358ms)
 GET /map 200 in 1965ms (next.js: 79ms, proxy.ts: 768ms, application-code: 1118ms)
 GET /icon-192x192.png 404 in 130ms (next.js: 19ms, application-code: 111ms)
 GET /icon-192x192.png 404 in 471ms (next.js: 6ms, application-code: 465ms)
 GET /api/map/features?category=status 500 in 1226ms (next.js: 802ms, application-code: 425ms)
 GET /api/map/features?category=status 500 in 109ms (next.js: 6ms, application-code: 103ms)
 GET /api/map/countries 200 in 3.0s (next.js: 635ms, application-code: 2.4s)
 GET /api/map/countries 200 in 183ms (next.js: 9ms, application-code: 175ms)
 POST /api/map/features 200 in 1145ms (next.js: 5ms, application-code: 1141ms)
 POST /api/map/features 500 in 1159ms (next.js: 3ms, application-code: 1156ms)
 GET /icon-192x192.png 404 in 46ms (next.js: 4ms, application-code: 42ms)
 GET /icon-192x192.png 404 in 120ms (next.js: 4ms, application-code: 116ms)
 GET /api/map/features?category=status 200 in 64ms (next.js: 3ms, application-code: 61ms)
 GET /icon-192x192.png 404 in 73ms (next.js: 11ms, application-code: 62ms)
 GET /icon-192x192.png 404 in 69ms (next.js: 8ms, application-code: 61ms)
 GET /icon-192x192.png 404 in 58ms (next.js: 6ms, application-code: 52ms)
 GET /map 200 in 148ms (next.js: 5ms, proxy.ts: 17ms, application-code: 126ms)
 GET /icon-192x192.png 404 in 280ms (next.js: 59ms, application-code: 222ms)
 GET /icon-192x192.png 404 in 119ms (next.js: 9ms, application-code: 111ms)
 GET /api/map/features?category=status 200 in 98ms (next.js: 27ms, application-code: 71ms)
 GET /api/map/countries 200 in 299ms (next.js: 7ms, application-code: 292ms)
 GET /api/map/features?category=status 200 in 78ms (next.js: 13ms, application-code: 65ms)
 GET /api/map/countries 200 in 186ms (next.js: 11ms, application-code: 175ms)
 GET /api/map/features?category=physical 200 in 664ms (next.js: 3ms, application-code: 661ms)
 GET /icon-192x192.png 404 in 96ms (next.js: 6ms, application-code: 90ms)
 GET /icon-192x192.png 404 in 53ms (next.js: 7ms, application-code: 46ms)
 GET /map 200 in 1478ms (next.js: 933ms, proxy.ts: 394ms, application-code: 151ms)
 GET /icon-192x192.png 404 in 330ms (next.js: 72ms, application-code: 258ms)
 GET /icon-192x192.png 404 in 73ms (next.js: 5ms, application-code: 67ms)
 GET /icon-192x192.png 404 in 54ms (next.js: 10ms, application-code: 45ms)
 GET /icon-192x192.png 404 in 54ms (next.js: 4ms, application-code: 50ms)
 GET /icon-192x192.png 404 in 64ms (next.js: 10ms, application-code: 54ms)
 GET /icon-192x192.png 404 in 49ms (next.js: 5ms, application-code: 44ms)
✓ Compiled in 393ms
 GET /icon-192x192.png 404 in 75ms (next.js: 10ms, application-code: 65ms)
✓ Compiled in 415ms
 GET /icon-192x192.png 404 in 64ms (next.js: 5ms, application-code: 59ms)
 GET /icon-192x192.png 404 in 56ms (next.js: 7ms, application-code: 49ms)
 GET /api/map/countries 200 in 583ms (next.js: 115ms, application-code: 468ms)
 GET /api/map/features?category=status 200 in 742ms (next.js: 364ms, application-code: 378ms)
 GET /api/map/countries 200 in 168ms (next.js: 2ms, application-code: 165ms)
 GET /api/map/features?category=physical 200 in 881ms (next.js: 347ms, application-code: 534ms)
 GET /api/map/features?category=status 200 in 327ms (next.js: 16ms, application-code: 311ms)
 GET /api/map/features?category=physical 200 in 345ms (next.js: 4ms, application-code: 341ms)
 POST /api/map/features 200 in 2.3s (next.js: 3ms, application-code: 2.3s)
 GET /map 200 in 847ms (next.js: 316ms, proxy.ts: 212ms, application-code: 319ms)
 GET /icon-192x192.png 404 in 153ms (next.js: 19ms, application-code: 134ms)
 GET /icon-192x192.png 404 in 49ms (next.js: 4ms, application-code: 45ms)
 GET /icon-192x192.png 404 in 58ms (next.js: 5ms, application-code: 54ms)
 POST /api/map/features 200 in 852ms (next.js: 60ms, application-code: 792ms)
 GET /icon-192x192.png 404 in 59ms (next.js: 6ms, application-code: 53ms)
 GET /icon-192x192.png 404 in 53ms (next.js: 4ms, application-code: 49ms)
[?25h
